# Logfile created on 2018-09-26 09:08:59 +0000 by logger.rb/v1.2.7
  INFO ---------------------------------------------------------------------------
  INFO START 2018-09-26 09:08:59 +0000 cap staging deploy
  INFO ---------------------------------------------------------------------------
  INFO [47fd679f] Running /usr/bin/env mkdir -p /tmp as www-data@uww-staging-web-4.nine.ch
  INFO [293e162e] Running /usr/bin/env mkdir -p /tmp as www-data@uww-staging-web-3.nine.ch
  INFO [e8aec253] Finished in 0.956 seconds with exit status 0 (successful).
  INFO Uploading /tmp/git-ssh-academy.unitedworldwrestling.org-staging-vagrant.sh 100.0%
  INFO [bbcb1c88] Finished in 1.230 seconds with exit status 0 (successful).
  INFO [033472ce] Running /usr/bin/env chmod 700 /tmp/git-ssh-academy.unitedworldwrestling.org-staging-vagrant.sh as www-data@uww-staging-web-3.nine.ch
  INFO Uploading /tmp/git-ssh-academy.unitedworldwrestling.org-staging-vagrant.sh 100.0%
  INFO [1291cba1] Finished in 0.189 seconds with exit status 0 (successful).
  INFO [20cba84b] Running /usr/bin/env chmod 700 /tmp/git-ssh-academy.unitedworldwrestling.org-staging-vagrant.sh as www-data@uww-staging-web-4.nine.ch
  INFO [2cc2c506] Finished in 0.183 seconds with exit status 0 (successful).
  INFO [1f2ded1c] Running /usr/bin/env git ls-remote git@github.com:unitedworldwrestling/academy.git HEAD as www-data@uww-staging-web-4.nine.ch
  INFO [2b737bff] Running /usr/bin/env git ls-remote git@github.com:unitedworldwrestling/academy.git HEAD as www-data@uww-staging-web-3.nine.ch
  INFO [1ef7e094] Finished in 2.213 seconds with exit status 0 (successful).
  INFO [6f8b6c67] Finished in 2.893 seconds with exit status 0 (successful).
  INFO [f2f110b3] Running /usr/bin/env mkdir -p /home/www-data/efs_share/staging.academy.unitedworldwrestling.org/shared /home/www-data/staging.academy.unitedworldwrestling.org/releases as www-data@uww-staging-web-4.nine.ch
  INFO [2511f4d0] Running /usr/bin/env mkdir -p /home/www-data/efs_share/staging.academy.unitedworldwrestling.org/shared /home/www-data/staging.academy.unitedworldwrestling.org/releases as www-data@uww-staging-web-3.nine.ch
  INFO [87152daa] Finished in 0.114 seconds with exit status 0 (successful).
  INFO [28eabbff] Finished in 0.158 seconds with exit status 0 (successful).
  INFO [eb940cf2] Running /usr/bin/env mkdir -p /home/www-data/efs_share/staging.academy.unitedworldwrestling.org/shared/web/app/uploads as www-data@uww-staging-web-4.nine.ch
  INFO [e4a3b354] Running /usr/bin/env mkdir -p /home/www-data/efs_share/staging.academy.unitedworldwrestling.org/shared/web/app/uploads as www-data@uww-staging-web-3.nine.ch
  INFO [20aa355f] Finished in 0.147 seconds with exit status 0 (successful).
  INFO [48ed00d3] Finished in 0.197 seconds with exit status 0 (successful).
  INFO [3c0eb459] Running /usr/bin/env mkdir -p /home/www-data/efs_share/staging.academy.unitedworldwrestling.org/shared /home/www-data/efs_share/staging.academy.unitedworldwrestling.org/shared/web as www-data@uww-staging-web-4.nine.ch
  INFO [ece6b88f] Running /usr/bin/env mkdir -p /home/www-data/efs_share/staging.academy.unitedworldwrestling.org/shared /home/www-data/efs_share/staging.academy.unitedworldwrestling.org/shared/web as www-data@uww-staging-web-3.nine.ch
  INFO [0779a5de] Finished in 0.143 seconds with exit status 0 (successful).
  INFO [92f17b3a] Finished in 0.187 seconds with exit status 0 (successful).
 ERROR linked file /home/www-data/efs_share/staging.academy.unitedworldwrestling.org/shared/.env does not exist on uww-staging-web-4.nine.ch
  INFO ---------------------------------------------------------------------------
  INFO START 2018-09-26 09:13:23 +0000 cap staging deploy
  INFO ---------------------------------------------------------------------------
  INFO [9d97bb68] Running /usr/bin/env mkdir -p /tmp as www-data@uww-staging-web-4.nine.ch
  INFO [c8ac50d0] Running /usr/bin/env mkdir -p /tmp as www-data@uww-staging-web-3.nine.ch
  INFO [377f607f] Finished in 0.875 seconds with exit status 0 (successful).
  INFO [6c3e966f] Finished in 1.079 seconds with exit status 0 (successful).
  INFO Uploading /tmp/git-ssh-academy.unitedworldwrestling.org-staging-vagrant.sh 100.0%
  INFO [4f7e92c2] Running /usr/bin/env chmod 700 /tmp/git-ssh-academy.unitedworldwrestling.org-staging-vagrant.sh as www-data@uww-staging-web-4.nine.ch
  INFO Uploading /tmp/git-ssh-academy.unitedworldwrestling.org-staging-vagrant.sh 100.0%
  INFO [a0443fad] Finished in 0.178 seconds with exit status 0 (successful).
  INFO [bb8f65ff] Running /usr/bin/env chmod 700 /tmp/git-ssh-academy.unitedworldwrestling.org-staging-vagrant.sh as www-data@uww-staging-web-3.nine.ch
  INFO [079a434e] Finished in 0.187 seconds with exit status 0 (successful).
  INFO [66746d3d] Running /usr/bin/env git ls-remote git@github.com:unitedworldwrestling/academy.git HEAD as www-data@uww-staging-web-4.nine.ch
  INFO [2813023e] Running /usr/bin/env git ls-remote git@github.com:unitedworldwrestling/academy.git HEAD as www-data@uww-staging-web-3.nine.ch
  INFO [e97fdc03] Finished in 1.280 seconds with exit status 0 (successful).
  INFO [b468d934] Finished in 1.406 seconds with exit status 0 (successful).
  INFO [02cdcf0c] Running /usr/bin/env mkdir -p /home/www-data/efs_share/staging.academy.unitedworldwrestling.org/shared /home/www-data/staging.academy.unitedworldwrestling.org/releases as www-data@uww-staging-web-4.nine.ch
  INFO [cb4e2055] Running /usr/bin/env mkdir -p /home/www-data/efs_share/staging.academy.unitedworldwrestling.org/shared /home/www-data/staging.academy.unitedworldwrestling.org/releases as www-data@uww-staging-web-3.nine.ch
  INFO [8b12c697] Finished in 0.108 seconds with exit status 0 (successful).
  INFO [b271b552] Finished in 0.149 seconds with exit status 0 (successful).
  INFO [010f347f] Running /usr/bin/env mkdir -p /home/www-data/efs_share/staging.academy.unitedworldwrestling.org/shared/web/app/uploads as www-data@uww-staging-web-4.nine.ch
  INFO [ae5603f2] Running /usr/bin/env mkdir -p /home/www-data/efs_share/staging.academy.unitedworldwrestling.org/shared/web/app/uploads as www-data@uww-staging-web-3.nine.ch
  INFO [2c020174] Finished in 0.154 seconds with exit status 0 (successful).
  INFO [1a598642] Finished in 0.198 seconds with exit status 0 (successful).
  INFO [5de292df] Running /usr/bin/env mkdir -p /home/www-data/efs_share/staging.academy.unitedworldwrestling.org/shared /home/www-data/efs_share/staging.academy.unitedworldwrestling.org/shared/web as www-data@uww-staging-web-4.nine.ch
  INFO [8e8ceb93] Running /usr/bin/env mkdir -p /home/www-data/efs_share/staging.academy.unitedworldwrestling.org/shared /home/www-data/efs_share/staging.academy.unitedworldwrestling.org/shared/web as www-data@uww-staging-web-3.nine.ch
  INFO [2e5ca8e4] Finished in 0.149 seconds with exit status 0 (successful).
  INFO [1e5e599d] Finished in 0.185 seconds with exit status 0 (successful).
 ERROR linked file /home/www-data/efs_share/staging.academy.unitedworldwrestling.org/shared/web/.htaccess does not exist on uww-staging-web-4.nine.ch
  INFO ---------------------------------------------------------------------------
  INFO START 2018-09-26 09:18:04 +0000 cap staging deploy
  INFO ---------------------------------------------------------------------------
  INFO [e86188e8] Running /usr/bin/env mkdir -p /tmp as www-data@uww-staging-web-4.nine.ch
  INFO [aca38b06] Running /usr/bin/env mkdir -p /tmp as www-data@uww-staging-web-3.nine.ch
  INFO [f7ca49cd] Finished in 0.941 seconds with exit status 0 (successful).
  INFO Uploading /tmp/git-ssh-academy.unitedworldwrestling.org-staging-vagrant.sh 100.0%
  INFO [19e6f483] Finished in 1.181 seconds with exit status 0 (successful).
  INFO [5ae8b52b] Running /usr/bin/env chmod 700 /tmp/git-ssh-academy.unitedworldwrestling.org-staging-vagrant.sh as www-data@uww-staging-web-4.nine.ch
  INFO Uploading /tmp/git-ssh-academy.unitedworldwrestling.org-staging-vagrant.sh 100.0%
  INFO [2854f3de] Finished in 0.179 seconds with exit status 0 (successful).
  INFO [b94e5c10] Running /usr/bin/env chmod 700 /tmp/git-ssh-academy.unitedworldwrestling.org-staging-vagrant.sh as www-data@uww-staging-web-3.nine.ch
  INFO [9742a355] Finished in 0.178 seconds with exit status 0 (successful).
  INFO [9f09b1d2] Running /usr/bin/env git ls-remote git@github.com:unitedworldwrestling/academy.git HEAD as www-data@uww-staging-web-4.nine.ch
  INFO [b1ee877e] Running /usr/bin/env git ls-remote git@github.com:unitedworldwrestling/academy.git HEAD as www-data@uww-staging-web-3.nine.ch
  INFO [3c084f61] Finished in 1.438 seconds with exit status 0 (successful).
  INFO [f8444aa7] Finished in 1.605 seconds with exit status 0 (successful).
  INFO [48bd12dd] Running /usr/bin/env mkdir -p /home/www-data/efs_share/staging.academy.unitedworldwrestling.org/shared /home/www-data/staging.academy.unitedworldwrestling.org/releases as www-data@uww-staging-web-4.nine.ch
  INFO [2b7cb97f] Running /usr/bin/env mkdir -p /home/www-data/efs_share/staging.academy.unitedworldwrestling.org/shared /home/www-data/staging.academy.unitedworldwrestling.org/releases as www-data@uww-staging-web-3.nine.ch
  INFO [27ffece5] Finished in 0.107 seconds with exit status 0 (successful).
  INFO [f4247dbe] Finished in 0.125 seconds with exit status 0 (successful).
  INFO [bd7d5c13] Running /usr/bin/env mkdir -p /home/www-data/efs_share/staging.academy.unitedworldwrestling.org/shared/web/app/uploads as www-data@uww-staging-web-4.nine.ch
  INFO [c0b2ac0f] Running /usr/bin/env mkdir -p /home/www-data/efs_share/staging.academy.unitedworldwrestling.org/shared/web/app/uploads as www-data@uww-staging-web-3.nine.ch
  INFO [3b9fd86f] Finished in 0.187 seconds with exit status 0 (successful).
  INFO [3b992a8b] Finished in 0.190 seconds with exit status 0 (successful).
  INFO [80b65838] Running /usr/bin/env mkdir -p /home/www-data/efs_share/staging.academy.unitedworldwrestling.org/shared /home/www-data/efs_share/staging.academy.unitedworldwrestling.org/shared/web as www-data@uww-staging-web-4.nine.ch
  INFO [6e6af29c] Running /usr/bin/env mkdir -p /home/www-data/efs_share/staging.academy.unitedworldwrestling.org/shared /home/www-data/efs_share/staging.academy.unitedworldwrestling.org/shared/web as www-data@uww-staging-web-3.nine.ch
  INFO [e97405ec] Finished in 0.184 seconds with exit status 0 (successful).
  INFO [fd3ac5cf] Finished in 0.190 seconds with exit status 0 (successful).
  INFO [11df8736] Running /usr/bin/env git clone --mirror git@github.com:unitedworldwrestling/academy.git /home/www-data/staging.academy.unitedworldwrestling.org/repo as www-data@uww-staging-web-4.nine.ch
  INFO [aef2f17e] Running /usr/bin/env git clone --mirror git@github.com:unitedworldwrestling/academy.git /home/www-data/staging.academy.unitedworldwrestling.org/repo as www-data@uww-staging-web-3.nine.ch
  INFO [9ebc57f7] Finished in 12.386 seconds with exit status 0 (successful).
  INFO [24f0ae95] Finished in 25.994 seconds with exit status 0 (successful).
  INFO [f79e5c22] Running /usr/bin/env git remote set-url origin git@github.com:unitedworldwrestling/academy.git as www-data@uww-staging-web-4.nine.ch
  INFO [ed650cda] Running /usr/bin/env git remote set-url origin git@github.com:unitedworldwrestling/academy.git as www-data@uww-staging-web-3.nine.ch
  INFO [d5d071cc] Finished in 0.193 seconds with exit status 0 (successful).
  INFO [5c2893ef] Running /usr/bin/env git remote update --prune as www-data@uww-staging-web-4.nine.ch
  INFO [9ebd2d1c] Finished in 0.180 seconds with exit status 0 (successful).
  INFO [230375c8] Running /usr/bin/env git remote update --prune as www-data@uww-staging-web-3.nine.ch
  INFO [debdaab4] Finished in 1.450 seconds with exit status 0 (successful).
  INFO [2a9a9673] Finished in 1.424 seconds with exit status 0 (successful).
  INFO [ed6194be] Running /usr/bin/env mkdir -p /home/www-data/staging.academy.unitedworldwrestling.org/releases/20180926091809 as www-data@uww-staging-web-4.nine.ch
  INFO [93e0a9ae] Running /usr/bin/env mkdir -p /home/www-data/staging.academy.unitedworldwrestling.org/releases/20180926091809 as www-data@uww-staging-web-3.nine.ch
  INFO [7ed7bcec] Finished in 0.176 seconds with exit status 0 (successful).
  INFO [0ef370a6] Running /usr/bin/env git archive master | /usr/bin/env tar -x -f - -C /home/www-data/staging.academy.unitedworldwrestling.org/releases/20180926091809 as www-data@uww-staging-web-4.nine.ch
  INFO [949efdda] Finished in 0.189 seconds with exit status 0 (successful).
  INFO [c4b14411] Running /usr/bin/env git archive master | /usr/bin/env tar -x -f - -C /home/www-data/staging.academy.unitedworldwrestling.org/releases/20180926091809 as www-data@uww-staging-web-3.nine.ch
  INFO [f4b03bbb] Finished in 0.394 seconds with exit status 0 (successful).
  INFO [1ab61203] Finished in 0.394 seconds with exit status 0 (successful).
  INFO [5b06ec8e] Running /usr/bin/env echo "6c5561ae61da72929446d0325834a435ea2e2794" > REVISION as www-data@uww-staging-web-4.nine.ch
  INFO [8842bf84] Running /usr/bin/env echo "6c5561ae61da72929446d0325834a435ea2e2794" > REVISION as www-data@uww-staging-web-3.nine.ch
  INFO [13a504c2] Finished in 0.199 seconds with exit status 0 (successful).
  INFO [ca5b55b6] Finished in 0.188 seconds with exit status 0 (successful).
  INFO [dfb81929] Running /usr/bin/env mkdir -p /home/www-data/staging.academy.unitedworldwrestling.org/releases/20180926091809 /home/www-data/staging.academy.unitedworldwrestling.org/releases/20180926091809/web as www-data@uww-staging-web-4.nine.ch
  INFO [2cec09bf] Running /usr/bin/env mkdir -p /home/www-data/staging.academy.unitedworldwrestling.org/releases/20180926091809 /home/www-data/staging.academy.unitedworldwrestling.org/releases/20180926091809/web as www-data@uww-staging-web-3.nine.ch
  INFO [31b058b9] Finished in 0.157 seconds with exit status 0 (successful).
  INFO [61163419] Finished in 0.171 seconds with exit status 0 (successful).
  INFO [72890e9b] Running /usr/bin/env ln -s /home/www-data/efs_share/staging.academy.unitedworldwrestling.org/shared/.env /home/www-data/staging.academy.unitedworldwrestling.org/releases/20180926091809/.env as www-data@uww-staging-web-4.nine.ch
  INFO [c3b31b19] Running /usr/bin/env ln -s /home/www-data/efs_share/staging.academy.unitedworldwrestling.org/shared/.env /home/www-data/staging.academy.unitedworldwrestling.org/releases/20180926091809/.env as www-data@uww-staging-web-3.nine.ch
  INFO [3707338a] Finished in 0.188 seconds with exit status 0 (successful).
  INFO [d1395f81] Finished in 0.183 seconds with exit status 0 (successful).
  INFO [e34b1120] Running /usr/bin/env ln -s /home/www-data/efs_share/staging.academy.unitedworldwrestling.org/shared/web/.htaccess /home/www-data/staging.academy.unitedworldwrestling.org/releases/20180926091809/web/.htaccess as www-data@uww-staging-web-4.nine.ch
  INFO [3daca0a0] Running /usr/bin/env ln -s /home/www-data/efs_share/staging.academy.unitedworldwrestling.org/shared/web/.htaccess /home/www-data/staging.academy.unitedworldwrestling.org/releases/20180926091809/web/.htaccess as www-data@uww-staging-web-3.nine.ch
  INFO [fbbd416a] Finished in 0.185 seconds with exit status 0 (successful).
  INFO [b2efd756] Finished in 0.185 seconds with exit status 0 (successful).
  INFO [cb830624] Running /usr/bin/env mkdir -p /home/www-data/staging.academy.unitedworldwrestling.org/releases/20180926091809/web/app as www-data@uww-staging-web-4.nine.ch
  INFO [ca93710c] Running /usr/bin/env mkdir -p /home/www-data/staging.academy.unitedworldwrestling.org/releases/20180926091809/web/app as www-data@uww-staging-web-3.nine.ch
  INFO [95277963] Finished in 0.145 seconds with exit status 0 (successful).
  INFO [6dee7611] Finished in 0.172 seconds with exit status 0 (successful).
  INFO [f3d802f9] Running /usr/bin/env rm -rf /home/www-data/staging.academy.unitedworldwrestling.org/releases/20180926091809/web/app/uploads as www-data@uww-staging-web-4.nine.ch
  INFO [92d57706] Running /usr/bin/env rm -rf /home/www-data/staging.academy.unitedworldwrestling.org/releases/20180926091809/web/app/uploads as www-data@uww-staging-web-3.nine.ch
  INFO [b9e9c67d] Finished in 0.189 seconds with exit status 0 (successful).
  INFO [c79d298e] Running /usr/bin/env ln -s /home/www-data/efs_share/staging.academy.unitedworldwrestling.org/shared/web/app/uploads /home/www-data/staging.academy.unitedworldwrestling.org/releases/20180926091809/web/app/uploads as www-data@uww-staging-web-4.nine.ch
  INFO [193659b9] Finished in 0.192 seconds with exit status 0 (successful).
  INFO [f9d8254b] Running /usr/bin/env ln -s /home/www-data/efs_share/staging.academy.unitedworldwrestling.org/shared/web/app/uploads /home/www-data/staging.academy.unitedworldwrestling.org/releases/20180926091809/web/app/uploads as www-data@uww-staging-web-3.nine.ch
  INFO [265487c8] Finished in 0.199 seconds with exit status 0 (successful).
  INFO [41c97359] Finished in 0.204 seconds with exit status 0 (successful).
  INFO [a918405a] Running /home/www-data/bin/composer install --no-dev --prefer-dist --no-interaction --quiet --optimize-autoloader as www-data@uww-staging-web-4.nine.ch
  INFO [19a648d4] Running /home/www-data/bin/composer install --no-dev --prefer-dist --no-interaction --quiet --optimize-autoloader as www-data@uww-staging-web-3.nine.ch
  INFO [49744043] Finished in 30.232 seconds with exit status 0 (successful).
  INFO [ea2e30fd] Finished in 30.500 seconds with exit status 0 (successful).
  INFO [b14cf38c] Running /usr/bin/env ln -s /home/www-data/staging.academy.unitedworldwrestling.org/releases/20180926091809 /home/www-data/staging.academy.unitedworldwrestling.org/releases/current as www-data@uww-staging-web-4.nine.ch
  INFO [eaa50689] Running /usr/bin/env ln -s /home/www-data/staging.academy.unitedworldwrestling.org/releases/20180926091809 /home/www-data/staging.academy.unitedworldwrestling.org/releases/current as www-data@uww-staging-web-3.nine.ch
  INFO [fe3f6c9c] Finished in 0.111 seconds with exit status 0 (successful).
  INFO [2535e383] Running /usr/bin/env mv /home/www-data/staging.academy.unitedworldwrestling.org/releases/current /home/www-data/staging.academy.unitedworldwrestling.org as www-data@uww-staging-web-4.nine.ch
  INFO [2d4e2829] Finished in 0.190 seconds with exit status 0 (successful).
  INFO [0fbbc97a] Running /usr/bin/env mv /home/www-data/staging.academy.unitedworldwrestling.org/releases/current /home/www-data/staging.academy.unitedworldwrestling.org as www-data@uww-staging-web-3.nine.ch
  INFO [7349a901] Finished in 0.176 seconds with exit status 0 (successful).
  INFO [908bc4f0] Finished in 0.182 seconds with exit status 0 (successful).
  INFO [36f59a5f] Running /usr/bin/env echo "Branch master (at 6c5561ae61da72929446d0325834a435ea2e2794) deployed as release 20180926091809 by vagrant" >> /home/www-data/staging.academy.unitedworldwrestling.org/revisions.log as www-data@uww-staging-web-4.nine.ch
  INFO [f345d579] Running /usr/bin/env echo "Branch master (at 6c5561ae61da72929446d0325834a435ea2e2794) deployed as release 20180926091809 by vagrant" >> /home/www-data/staging.academy.unitedworldwrestling.org/revisions.log as www-data@uww-staging-web-3.nine.ch
  INFO [a29106fb] Finished in 0.186 seconds with exit status 0 (successful).
  INFO [5b7125c0] Finished in 0.185 seconds with exit status 0 (successful).
  INFO ---------------------------------------------------------------------------
  INFO START 2018-09-26 13:55:09 +0000 cap staging deploy¨
  INFO ---------------------------------------------------------------------------
  INFO ---------------------------------------------------------------------------
  INFO START 2018-09-26 13:55:12 +0000 cap staging deploy
  INFO ---------------------------------------------------------------------------
  INFO [61b72a5a] Running /usr/bin/env mkdir -p /tmp as www-data@uww-staging-web-4.nine.ch
  INFO [199608b0] Running /usr/bin/env mkdir -p /tmp as www-data@uww-staging-web-3.nine.ch
  INFO [ae7bd48d] Finished in 1.271 seconds with exit status 0 (successful).
  INFO [5c8d3d90] Finished in 1.274 seconds with exit status 0 (successful).
  INFO Uploading /tmp/git-ssh-academy.unitedworldwrestling.org-staging-vagrant.sh 100.0%
  INFO Uploading /tmp/git-ssh-academy.unitedworldwrestling.org-staging-vagrant.sh 100.0%
  INFO [a8ccc9e0] Running /usr/bin/env chmod 700 /tmp/git-ssh-academy.unitedworldwrestling.org-staging-vagrant.sh as www-data@uww-staging-web-4.nine.ch
  INFO [14977df1] Running /usr/bin/env chmod 700 /tmp/git-ssh-academy.unitedworldwrestling.org-staging-vagrant.sh as www-data@uww-staging-web-3.nine.ch
  INFO [0076b740] Finished in 0.199 seconds with exit status 0 (successful).
  INFO [220559a2] Finished in 0.188 seconds with exit status 0 (successful).
  INFO [806741cc] Running /usr/bin/env git ls-remote git@github.com:unitedworldwrestling/academy.git HEAD as www-data@uww-staging-web-4.nine.ch
  INFO [021916b2] Running /usr/bin/env git ls-remote git@github.com:unitedworldwrestling/academy.git HEAD as www-data@uww-staging-web-3.nine.ch
  INFO [945b362e] Finished in 1.467 seconds with exit status 0 (successful).
  INFO [3de0b734] Finished in 1.509 seconds with exit status 0 (successful).
  INFO [45b89d3a] Running /usr/bin/env mkdir -p /home/www-data/efs_share/staging.academy.unitedworldwrestling.org/shared /home/www-data/staging.academy.unitedworldwrestling.org/releases as www-data@uww-staging-web-4.nine.ch
  INFO [372b84d0] Running /usr/bin/env mkdir -p /home/www-data/efs_share/staging.academy.unitedworldwrestling.org/shared /home/www-data/staging.academy.unitedworldwrestling.org/releases as www-data@uww-staging-web-3.nine.ch
  INFO [95f75058] Finished in 0.108 seconds with exit status 0 (successful).
  INFO [544ded5c] Finished in 0.145 seconds with exit status 0 (successful).
  INFO [4ea6cbc5] Running /usr/bin/env mkdir -p /home/www-data/efs_share/staging.academy.unitedworldwrestling.org/shared/web/app/uploads as www-data@uww-staging-web-4.nine.ch
  INFO [51c02452] Running /usr/bin/env mkdir -p /home/www-data/efs_share/staging.academy.unitedworldwrestling.org/shared/web/app/uploads as www-data@uww-staging-web-3.nine.ch
  INFO [dc9ed1c3] Finished in 0.169 seconds with exit status 0 (successful).
  INFO [21cd09ea] Finished in 0.198 seconds with exit status 0 (successful).
  INFO [4ad8c1e9] Running /usr/bin/env mkdir -p /home/www-data/efs_share/staging.academy.unitedworldwrestling.org/shared /home/www-data/efs_share/staging.academy.unitedworldwrestling.org/shared/web as www-data@uww-staging-web-4.nine.ch
  INFO [e78e44c1] Running /usr/bin/env mkdir -p /home/www-data/efs_share/staging.academy.unitedworldwrestling.org/shared /home/www-data/efs_share/staging.academy.unitedworldwrestling.org/shared/web as www-data@uww-staging-web-3.nine.ch
  INFO [c7316937] Finished in 0.162 seconds with exit status 0 (successful).
  INFO [4f739fd8] Finished in 0.186 seconds with exit status 0 (successful).
  INFO The repository mirror is at /home/www-data/staging.academy.unitedworldwrestling.org/repo
  INFO The repository mirror is at /home/www-data/staging.academy.unitedworldwrestling.org/repo
  INFO [4c19faa1] Running /usr/bin/env git remote set-url origin git@github.com:unitedworldwrestling/academy.git as www-data@uww-staging-web-4.nine.ch
  INFO [90a0a924] Running /usr/bin/env git remote set-url origin git@github.com:unitedworldwrestling/academy.git as www-data@uww-staging-web-3.nine.ch
  INFO [3495be8f] Finished in 0.190 seconds with exit status 0 (successful).
  INFO [79ec2e8f] Running /usr/bin/env git remote update --prune as www-data@uww-staging-web-4.nine.ch
  INFO [516bebd9] Finished in 0.195 seconds with exit status 0 (successful).
  INFO [bc0aaf65] Running /usr/bin/env git remote update --prune as www-data@uww-staging-web-3.nine.ch
  INFO [ecaf4032] Finished in 1.407 seconds with exit status 0 (successful).
  INFO [cc2cda80] Finished in 1.453 seconds with exit status 0 (successful).
  INFO [a7b6e859] Running /usr/bin/env mkdir -p /home/www-data/staging.academy.unitedworldwrestling.org/releases/20180926135517 as www-data@uww-staging-web-3.nine.ch
  INFO [656a882a] Running /usr/bin/env mkdir -p /home/www-data/staging.academy.unitedworldwrestling.org/releases/20180926135517 as www-data@uww-staging-web-4.nine.ch
  INFO [69bb1f6a] Finished in 0.194 seconds with exit status 0 (successful).
  INFO [2cf840ad] Running /usr/bin/env git archive master | /usr/bin/env tar -x -f - -C /home/www-data/staging.academy.unitedworldwrestling.org/releases/20180926135517 as www-data@uww-staging-web-3.nine.ch
  INFO [d0303512] Finished in 0.191 seconds with exit status 0 (successful).
  INFO [ef1dd4ef] Running /usr/bin/env git archive master | /usr/bin/env tar -x -f - -C /home/www-data/staging.academy.unitedworldwrestling.org/releases/20180926135517 as www-data@uww-staging-web-4.nine.ch
  INFO [6a20a39c] Finished in 0.600 seconds with exit status 0 (successful).
  INFO [3d790321] Finished in 0.622 seconds with exit status 0 (successful).
  INFO [22e0aaf3] Running /usr/bin/env echo "6c5561ae61da72929446d0325834a435ea2e2794" > REVISION as www-data@uww-staging-web-4.nine.ch
  INFO [28add789] Running /usr/bin/env echo "6c5561ae61da72929446d0325834a435ea2e2794" > REVISION as www-data@uww-staging-web-3.nine.ch
  INFO [770043ee] Finished in 0.186 seconds with exit status 0 (successful).
  INFO [aca73f85] Finished in 0.185 seconds with exit status 0 (successful).
  INFO [e5ddcdf3] Running /usr/bin/env mkdir -p /home/www-data/staging.academy.unitedworldwrestling.org/releases/20180926135517 /home/www-data/staging.academy.unitedworldwrestling.org/releases/20180926135517/web as www-data@uww-staging-web-4.nine.ch
  INFO [4870b8cc] Running /usr/bin/env mkdir -p /home/www-data/staging.academy.unitedworldwrestling.org/releases/20180926135517 /home/www-data/staging.academy.unitedworldwrestling.org/releases/20180926135517/web as www-data@uww-staging-web-3.nine.ch
  INFO [9e4649a1] Finished in 0.175 seconds with exit status 0 (successful).
  INFO [055910a4] Finished in 0.177 seconds with exit status 0 (successful).
  INFO [862d81c8] Running /usr/bin/env ln -s /home/www-data/efs_share/staging.academy.unitedworldwrestling.org/shared/.env /home/www-data/staging.academy.unitedworldwrestling.org/releases/20180926135517/.env as www-data@uww-staging-web-3.nine.ch
  INFO [73f6a35a] Running /usr/bin/env ln -s /home/www-data/efs_share/staging.academy.unitedworldwrestling.org/shared/.env /home/www-data/staging.academy.unitedworldwrestling.org/releases/20180926135517/.env as www-data@uww-staging-web-4.nine.ch
  INFO [447aa93f] Finished in 0.205 seconds with exit status 0 (successful).
  INFO [543ef906] Finished in 0.204 seconds with exit status 0 (successful).
  INFO [57227c83] Running /usr/bin/env ln -s /home/www-data/efs_share/staging.academy.unitedworldwrestling.org/shared/web/.htaccess /home/www-data/staging.academy.unitedworldwrestling.org/releases/20180926135517/web/.htaccess as www-data@uww-staging-web-3.nine.ch
  INFO [c6596724] Running /usr/bin/env ln -s /home/www-data/efs_share/staging.academy.unitedworldwrestling.org/shared/web/.htaccess /home/www-data/staging.academy.unitedworldwrestling.org/releases/20180926135517/web/.htaccess as www-data@uww-staging-web-4.nine.ch
  INFO [b4bf3f31] Finished in 0.174 seconds with exit status 0 (successful).
  INFO [1532bf8e] Finished in 0.193 seconds with exit status 0 (successful).
  INFO [7981e1ba] Running /usr/bin/env mkdir -p /home/www-data/staging.academy.unitedworldwrestling.org/releases/20180926135517/web/app as www-data@uww-staging-web-4.nine.ch
  INFO [21faf232] Running /usr/bin/env mkdir -p /home/www-data/staging.academy.unitedworldwrestling.org/releases/20180926135517/web/app as www-data@uww-staging-web-3.nine.ch
  INFO [ace29f24] Finished in 0.154 seconds with exit status 0 (successful).
  INFO [99fafc6e] Finished in 0.177 seconds with exit status 0 (successful).
  INFO [14de4f56] Running /usr/bin/env rm -rf /home/www-data/staging.academy.unitedworldwrestling.org/releases/20180926135517/web/app/uploads as www-data@uww-staging-web-3.nine.ch
  INFO [86f7c2cf] Running /usr/bin/env rm -rf /home/www-data/staging.academy.unitedworldwrestling.org/releases/20180926135517/web/app/uploads as www-data@uww-staging-web-4.nine.ch
  INFO [815a1dda] Finished in 0.195 seconds with exit status 0 (successful).
  INFO [a0a92b86] Running /usr/bin/env ln -s /home/www-data/efs_share/staging.academy.unitedworldwrestling.org/shared/web/app/uploads /home/www-data/staging.academy.unitedworldwrestling.org/releases/20180926135517/web/app/uploads as www-data@uww-staging-web-3.nine.ch
  INFO [aa1c490e] Finished in 0.186 seconds with exit status 0 (successful).
  INFO [fc26afa0] Running /usr/bin/env ln -s /home/www-data/efs_share/staging.academy.unitedworldwrestling.org/shared/web/app/uploads /home/www-data/staging.academy.unitedworldwrestling.org/releases/20180926135517/web/app/uploads as www-data@uww-staging-web-4.nine.ch
  INFO [83cc4d71] Finished in 0.194 seconds with exit status 0 (successful).
  INFO [9acb1147] Finished in 0.192 seconds with exit status 0 (successful).
  INFO [ed0d53f2] Running /home/www-data/bin/composer install --no-dev --prefer-dist --no-interaction --quiet --optimize-autoloader as www-data@uww-staging-web-4.nine.ch
  INFO [220b8747] Running /home/www-data/bin/composer install --no-dev --prefer-dist --no-interaction --quiet --optimize-autoloader as www-data@uww-staging-web-3.nine.ch
  INFO [9d0a4169] Finished in 3.582 seconds with exit status 0 (successful).
  INFO [03da7491] Finished in 5.473 seconds with exit status 0 (successful).
  INFO [3b44b8e5] Running /usr/bin/env ln -s /home/www-data/staging.academy.unitedworldwrestling.org/releases/20180926135517 /home/www-data/staging.academy.unitedworldwrestling.org/releases/current as www-data@uww-staging-web-4.nine.ch
  INFO [8e385c4b] Running /usr/bin/env ln -s /home/www-data/staging.academy.unitedworldwrestling.org/releases/20180926135517 /home/www-data/staging.academy.unitedworldwrestling.org/releases/current as www-data@uww-staging-web-3.nine.ch
  INFO [8de836f4] Finished in 0.190 seconds with exit status 0 (successful).
  INFO [f561310c] Running /usr/bin/env mv /home/www-data/staging.academy.unitedworldwrestling.org/releases/current /home/www-data/staging.academy.unitedworldwrestling.org as www-data@uww-staging-web-3.nine.ch
  INFO [1181497a] Finished in 0.372 seconds with exit status 0 (successful).
  INFO [284ee1a2] Running /usr/bin/env mv /home/www-data/staging.academy.unitedworldwrestling.org/releases/current /home/www-data/staging.academy.unitedworldwrestling.org as www-data@uww-staging-web-4.nine.ch
  INFO [268b05a8] Finished in 0.190 seconds with exit status 0 (successful).
  INFO [f598bab5] Finished in 0.202 seconds with exit status 0 (successful).
  INFO [d5b61f05] Running /usr/bin/env echo "Branch master (at 6c5561ae61da72929446d0325834a435ea2e2794) deployed as release 20180926135517 by vagrant" >> /home/www-data/staging.academy.unitedworldwrestling.org/revisions.log as www-data@uww-staging-web-3.nine.ch
  INFO [92c29eff] Running /usr/bin/env echo "Branch master (at 6c5561ae61da72929446d0325834a435ea2e2794) deployed as release 20180926135517 by vagrant" >> /home/www-data/staging.academy.unitedworldwrestling.org/revisions.log as www-data@uww-staging-web-4.nine.ch
  INFO [c252e0d2] Finished in 0.187 seconds with exit status 0 (successful).
  INFO [2ee6b543] Finished in 0.193 seconds with exit status 0 (successful).
